<?xml version="1.0" encoding="UTF-8"?>
<!-- Generated by org.testng.reporters.JUnitReportReporter -->
<testsuite hostname="LAPTOP-CSKAJ1FL" failures="0" tests="8" name="demointegration.INtegration" time="0.042" errors="0" timestamp="01 Aug 2020 15:54:07 GMT" skipped="0">
  <testcase classname="demointegration.INtegration" name="multi2" time="0.002"/>
  <testcase classname="demointegration.INtegration" name="multi4" time="0.002"/>
  <testcase classname="demointegration.INtegration" name="dive" time="0.002"/>
  <testcase classname="demointegration.INtegration" name="multi3" time="0.001"/>
  <testcase classname="demointegration.INtegration" name="multi" time="0.002"/>
  <testcase classname="demointegration.INtegration" name="substract" time="0.002"/>
  <testcase classname="demointegration.INtegration" name="sum" time="0.001"/>
  <testcase classname="demointegration.INtegration" name="div" time="0.030"/>
</testsuite> <!-- demointegration.INtegration -->
